<?xml version="1.0" encoding="UTF-8"?>
<testsuites>
  <testsuite name="BitMart\Tests\APIContractTradingTest" file="/Users/ricci/Documents/sdk/bitmart-php-sdk-api/tests/BitMart/Futures/APIContractTradingTest.php" tests="1" assertions="2" errors="0" warnings="0" failures="0" skipped="0" time="0.777879">
    <testcase name="testGetContractOrderHistory" class="BitMart\Tests\APIContractTradingTest" classname="BitMart.Tests.APIContractTradingTest" file="/Users/ricci/Documents/sdk/bitmart-php-sdk-api/tests/BitMart/Futures/APIContractTradingTest.php" line="51" assertions="2" time="0.777879">
      <system-out>
----------------------------
</system-out>
    </testcase>
  </testsuite>
</testsuites>
